<?xml version="1.0" encoding="utf-8"?><testsuites name="pytest tests"><testsuite name="pytest" errors="0" failures="0" skipped="0" tests="13" time="1.930" timestamp="2026-03-31T09:26:14.865704+00:00" hostname="agent-env-8fca7e97-5c7a-4718-a456-5b92524a64dc"><testcase classname="backend.tests.test_iteration5_bugs.TestPackagesEndpoint" name="test_packages_returns_5_packages" time="0.131" /><testcase classname="backend.tests.test_iteration5_bugs.TestPackagesEndpoint" name="test_basic_package" time="0.094" /><testcase classname="backend.tests.test_iteration5_bugs.TestPackagesEndpoint" name="test_linea_active_package" time="0.127" /><testcase classname="backend.tests.test_iteration5_bugs.TestPackagesEndpoint" name="test_linea_balance_package" time="0.096" /><testcase classname="backend.tests.test_iteration5_bugs.TestPackagesEndpoint" name="test_linea_gold_package" time="0.098" /><testcase classname="backend.tests.test_iteration5_bugs.TestPackagesEndpoint" name="test_linea_premium_package" time="0.113" /><testcase classname="backend.tests.test_iteration5_bugs.TestStudioInfoLinks" name="test_instagram_url" time="0.100" /><testcase classname="backend.tests.test_iteration5_bugs.TestStudioInfoLinks" name="test_instagram_handle" time="0.094" /><testcase classname="backend.tests.test_iteration5_bugs.TestStudioInfoLinks" name="test_address_for_google_maps" time="0.099" /><testcase classname="backend.tests.test_iteration5_bugs.TestTodayScheduleSlots" name="test_schedule_returns_today_slots" time="0.208" /><testcase classname="backend.tests.test_iteration5_bugs.TestTodayScheduleSlots" name="test_today_slots_have_required_fields" time="0.225" /><testcase classname="backend.tests.test_iteration5_bugs.TestTodayScheduleSlots" name="test_today_slots_have_time_values" time="0.272" /><testcase classname="backend.tests.test_iteration5_bugs.TestScheduleDateFormat" name="test_schedule_date_format" time="0.217" /></testsuite></testsuites>