<?xml version="1.0" encoding="utf-8"?><testsuites name="pytest tests"><testsuite name="pytest" errors="0" failures="0" skipped="0" tests="21" time="7.037" timestamp="2026-03-31T11:37:13.352113+00:00" hostname="agent-env-8fca7e97-5c7a-4718-a456-5b92524a64dc"><testcase classname="backend.tests.test_iteration6_features.TestPackagesEndpoint" name="test_packages_returns_5_packages" time="0.320" /><testcase classname="backend.tests.test_iteration6_features.TestPackagesEndpoint" name="test_basic_package" time="0.135" /><testcase classname="backend.tests.test_iteration6_features.TestPackagesEndpoint" name="test_linea_active_package" time="0.096" /><testcase classname="backend.tests.test_iteration6_features.TestPackagesEndpoint" name="test_linea_balance_package" time="0.160" /><testcase classname="backend.tests.test_iteration6_features.TestPackagesEndpoint" name="test_linea_gold_package" time="0.170" /><testcase classname="backend.tests.test_iteration6_features.TestPackagesEndpoint" name="test_linea_premium_package" time="0.111" /><testcase classname="backend.tests.test_iteration6_features.TestStudioInfo" name="test_studio_phone_number" time="0.140" /><testcase classname="backend.tests.test_iteration6_features.TestAdminAuth" name="test_admin_login_success" time="0.350" /><testcase classname="backend.tests.test_iteration6_features.TestAdminDashboard" name="test_dashboard_has_pending_requests_count" time="0.448" /><testcase classname="backend.tests.test_iteration6_features.TestAdminDashboard" name="test_dashboard_has_recent_requests" time="0.454" /><testcase classname="backend.tests.test_iteration6_features.TestAdminPackageRequests" name="test_get_all_package_requests" time="0.422" /><testcase classname="backend.tests.test_iteration6_features.TestAdminFinancial" name="test_financial_overview" time="0.455" /><testcase classname="backend.tests.test_iteration6_features.TestAdminAlerts" name="test_alerts_endpoint" time="0.472" /><testcase classname="backend.tests.test_iteration6_features.TestAdminUsers" name="test_get_users_with_details" time="0.444" /><testcase classname="backend.tests.test_iteration6_features.TestPackageRequestFlow" name="test_user_can_request_package" time="0.332" /><testcase classname="backend.tests.test_iteration6_features.TestPackageRequestFlow" name="test_user_can_view_their_requests" time="0.347" /><testcase classname="backend.tests.test_iteration6_features.TestUserStats" name="test_user_stats_has_membership_fields" time="0.318" /><testcase classname="backend.tests.test_iteration6_features.TestAdminSessionDeduction" name="test_deduct_session_endpoint_exists" time="0.430" /><testcase classname="backend.tests.test_iteration6_features.TestAdminFreezeUnfreeze" name="test_freeze_endpoint_exists" time="0.430" /><testcase classname="backend.tests.test_iteration6_features.TestAdminFreezeUnfreeze" name="test_unfreeze_endpoint_exists" time="0.424" /><testcase classname="backend.tests.test_iteration6_features.TestAdminClientNotes" name="test_notes_endpoint_exists" time="0.443" /></testsuite></testsuites>