<?xml version="1.0" encoding="utf-8"?><testsuites name="pytest tests"><testsuite name="pytest" errors="0" failures="0" skipped="0" tests="19" time="1.901" timestamp="2026-04-03T06:46:16.660233+00:00" hostname="agent-env-8fca7e97-5c7a-4718-a456-5b92524a64dc"><testcase classname="backend.tests.test_12point_enhancement.TestPackagesFromMongoDB" name="test_get_packages_returns_list" time="0.125" /><testcase classname="backend.tests.test_12point_enhancement.TestPackagesFromMongoDB" name="test_packages_have_required_fields" time="0.100" /><testcase classname="backend.tests.test_12point_enhancement.TestManualIncome" name="test_create_manual_income" time="0.198" /><testcase classname="backend.tests.test_12point_enhancement.TestManualIncome" name="test_get_manual_income" time="0.045" /><testcase classname="backend.tests.test_12point_enhancement.TestManualIncome" name="test_delete_manual_income" time="0.091" /><testcase classname="backend.tests.test_12point_enhancement.TestReminders" name="test_create_reminder" time="0.045" /><testcase classname="backend.tests.test_12point_enhancement.TestReminders" name="test_get_reminders" time="0.046" /><testcase classname="backend.tests.test_12point_enhancement.TestReminders" name="test_toggle_reminder" time="0.176" /><testcase classname="backend.tests.test_12point_enhancement.TestReminders" name="test_delete_reminder" time="0.093" /><testcase classname="backend.tests.test_12point_enhancement.TestCustomMembership" name="test_create_custom_membership" time="0.110" /><testcase classname="backend.tests.test_12point_enhancement.TestMembershipHistory" name="test_get_membership_history" time="0.109" /><testcase classname="backend.tests.test_12point_enhancement.TestFinancialOverview" name="test_financial_has_required_fields" time="0.070" /><testcase classname="backend.tests.test_12point_enhancement.TestRevenueArchive" name="test_archive_revenue" time="0.046" /><testcase classname="backend.tests.test_12point_enhancement.TestAdminPackagesCRUD" name="test_get_all_packages_including_inactive" time="0.043" /><testcase classname="backend.tests.test_12point_enhancement.TestAdminPackagesCRUD" name="test_create_package" time="0.046" /><testcase classname="backend.tests.test_12point_enhancement.TestAdminPackagesCRUD" name="test_update_package" time="0.089" /><testcase classname="backend.tests.test_12point_enhancement.TestAdminPackagesCRUD" name="test_delete_package_soft_delete" time="0.139" /><testcase classname="backend.tests.test_12point_enhancement.TestApprovedByField" name="test_approved_by_field_exists" time="0.044" /><testcase classname="backend.tests.test_12point_enhancement.TestCleanup" name="test_cleanup_test_data" time="0.227" /></testsuite></testsuites>