<?xml version="1.0" encoding="utf-8"?><testsuites name="pytest tests"><testsuite name="pytest" errors="0" failures="0" skipped="0" tests="11" time="2.842" timestamp="2026-04-04T08:24:14.864620+00:00" hostname="agent-env-8fca7e97-5c7a-4718-a456-5b92524a64dc"><testcase classname="backend.tests.test_iteration9_features.TestAdminLogins" name="test_linea_trebinje_login" time="0.358" /><testcase classname="backend.tests.test_iteration9_features.TestAdminLogins" name="test_stefan_login" time="0.333" /><testcase classname="backend.tests.test_iteration9_features.TestAdminLogins" name="test_nevena_login" time="0.339" /><testcase classname="backend.tests.test_iteration9_features.TestAdminLogins" name="test_old_pin_should_fail" time="0.322" /><testcase classname="backend.tests.test_iteration9_features.TestScheduleSlots" name="test_all_slots_have_marija_trisic" time="0.230" /><testcase classname="backend.tests.test_iteration9_features.TestScheduleSlots" name="test_no_sunday_slots" time="0.197" /><testcase classname="backend.tests.test_iteration9_features.TestScheduleSlots" name="test_schedule_has_expected_time_slots" time="0.187" /><testcase classname="backend.tests.test_iteration9_features.TestTrainingComments" name="test_comment_endpoint_exists" time="0.413" /><testcase classname="backend.tests.test_iteration9_features.TestPublicEndpoints" name="test_packages_endpoint" time="0.099" /><testcase classname="backend.tests.test_iteration9_features.TestPublicEndpoints" name="test_studio_info_endpoint" time="0.112" /><testcase classname="backend.tests.test_iteration9_features.TestPublicEndpoints" name="test_schedule_endpoint" time="0.197" /></testsuite></testsuites>