<?xml version="1.0" encoding="utf-8"?><testsuites name="pytest tests"><testsuite name="pytest" errors="0" failures="0" skipped="0" tests="8" time="3.442" timestamp="2026-04-04T11:42:13.842016+00:00" hostname="agent-env-8fca7e97-5c7a-4718-a456-5b92524a64dc"><testcase classname="backend.tests.test_iteration10_features.TestAdminBookings" name="test_admin_bookings_returns_only_upcoming" time="0.557" /><testcase classname="backend.tests.test_iteration10_features.TestAdminBookings" name="test_admin_bookings_no_past_or_cancelled" time="0.370" /><testcase classname="backend.tests.test_iteration10_features.TestAdminSchedule" name="test_admin_schedule_date_range" time="0.447" /><testcase classname="backend.tests.test_iteration10_features.TestAdminSchedule" name="test_admin_schedule_no_past_slots" time="0.398" /><testcase classname="backend.tests.test_iteration10_features.TestFreeTrialBooking" name="test_new_user_gets_free_trial" time="0.490" /><testcase classname="backend.tests.test_iteration10_features.TestFreeTrialBooking" name="test_second_booking_blocked_after_trial" time="0.534" /><testcase classname="backend.tests.test_iteration10_features.TestHealthCheck" name="test_api_health" time="0.213" /><testcase classname="backend.tests.test_iteration10_features.TestHealthCheck" name="test_admin_login" time="0.321" /></testsuite></testsuites>