<?xml version="1.0" encoding="utf-8"?><testsuites name="pytest tests"><testsuite name="pytest" errors="0" failures="0" skipped="0" tests="19" time="6.844" timestamp="2026-03-25T22:00:38.394426+00:00" hostname="agent-env-8fca7e97-5c7a-4718-a456-5b92524a64dc"><testcase classname="backend.tests.test_admin_features.TestAdminAuth" name="test_admin_login_success" time="0.502" /><testcase classname="backend.tests.test_admin_features.TestAdminAuth" name="test_admin_login_invalid_password" time="0.351" /><testcase classname="backend.tests.test_admin_features.TestAdminAuth" name="test_admin_login_invalid_email" time="0.130" /><testcase classname="backend.tests.test_admin_features.TestAdminAuth" name="test_admin_me_without_token" time="0.130" /><testcase classname="backend.tests.test_admin_features.TestAdminDashboard" name="test_admin_dashboard_stats" time="0.465" /><testcase classname="backend.tests.test_admin_features.TestAdminDashboard" name="test_admin_dashboard_without_auth" time="0.140" /><testcase classname="backend.tests.test_admin_features.TestAdminScheduleManagement" name="test_get_admin_schedule" time="0.630" /><testcase classname="backend.tests.test_admin_features.TestAdminScheduleManagement" name="test_create_schedule_slot" time="0.452" /><testcase classname="backend.tests.test_admin_features.TestAdminScheduleManagement" name="test_delete_schedule_slot_without_bookings" time="0.634" /><testcase classname="backend.tests.test_admin_features.TestAdminScheduleManagement" name="test_generate_week_schedule" time="0.480" /><testcase classname="backend.tests.test_admin_features.TestAdminUsers" name="test_get_all_users" time="0.447" /><testcase classname="backend.tests.test_admin_features.TestAdminBookings" name="test_get_all_bookings" time="0.513" /><testcase classname="backend.tests.test_admin_features.TestScheduleFromDB" name="test_public_schedule_endpoint" time="0.222" /><testcase classname="backend.tests.test_admin_features.TestScheduleFromDB" name="test_schedule_has_multiple_days" time="0.217" /><testcase classname="backend.tests.test_admin_features.TestBookingCancellation12hRule" name="test_cancel_nonexistent_booking" time="0.460" /><testcase classname="backend.tests.test_admin_features.TestBookingCancellation12hRule" name="test_cancel_booking_endpoint_exists" time="0.432" /><testcase classname="backend.tests.test_admin_features.TestPhoneAuth" name="test_send_otp" time="0.114" /><testcase classname="backend.tests.test_admin_features.TestPhoneAuth" name="test_verify_otp_mock_code" time="0.221" /><testcase classname="backend.tests.test_admin_features.TestNotificationScheduler" name="test_api_root" time="0.105" /></testsuite></testsuites>