<?xml version="1.0" encoding="utf-8"?><testsuites name="pytest tests"><testsuite name="pytest" errors="0" failures="0" skipped="0" tests="11" time="3.125" timestamp="2026-03-30T13:05:36.164941+00:00" hostname="agent-env-8fca7e97-5c7a-4718-a456-5b92524a64dc"><testcase classname="backend.tests.test_booking_features.TestStudioInfo" name="test_studio_info_returns_updated_instagram" time="0.199" /><testcase classname="backend.tests.test_booking_features.TestStudioInfo" name="test_studio_info_returns_updated_address" time="0.101" /><testcase classname="backend.tests.test_booking_features.TestScheduleEndpoint" name="test_schedule_returns_today_slots" time="0.237" /><testcase classname="backend.tests.test_booking_features.TestScheduleEndpoint" name="test_schedule_slots_have_required_fields" time="0.193" /><testcase classname="backend.tests.test_booking_features.TestPhoneAuth" name="test_send_otp" time="0.113" /><testcase classname="backend.tests.test_booking_features.TestPhoneAuth" name="test_verify_otp_creates_session" time="0.337" /><testcase classname="backend.tests.test_booking_features.TestBookingOnePerDay" name="test_booking_creates_training" time="0.472" /><testcase classname="backend.tests.test_booking_features.TestBookingOnePerDay" name="test_second_booking_same_day_rejected" time="0.394" /><testcase classname="backend.tests.test_booking_features.TestReschedule" name="test_reschedule_within_30_min_works" time="0.456" /><testcase classname="backend.tests.test_booking_features.TestReschedule" name="test_reschedule_endpoint_exists" time="0.267" /><testcase classname="backend.tests.test_booking_features.TestUserBookings" name="test_get_upcoming_trainings" time="0.288" /></testsuite></testsuites>