<?xml version="1.0" encoding="utf-8"?><testsuites name="pytest tests"><testsuite name="pytest" errors="0" failures="0" skipped="0" tests="10" time="2.142" timestamp="2026-04-03T15:02:11.722045+00:00" hostname="agent-env-8fca7e97-5c7a-4718-a456-5b92524a64dc"><testcase classname="tests.test_auth_endpoints.TestPhoneAuth" name="test_phone_check_existing_user" time="0.293" /><testcase classname="tests.test_auth_endpoints.TestPhoneAuth" name="test_phone_check_non_existing_user" time="0.117" /><testcase classname="tests.test_auth_endpoints.TestPhoneAuth" name="test_phone_login_success" time="0.399" /><testcase classname="tests.test_auth_endpoints.TestPhoneAuth" name="test_phone_login_wrong_pin" time="0.337" /><testcase classname="tests.test_auth_endpoints.TestPhoneAuth" name="test_phone_login_non_existing_user" time="0.108" /><testcase classname="tests.test_auth_endpoints.TestPublicEndpoints" name="test_packages_endpoint" time="0.103" /><testcase classname="tests.test_auth_endpoints.TestPublicEndpoints" name="test_schedule_endpoint" time="0.227" /><testcase classname="tests.test_auth_endpoints.TestPublicEndpoints" name="test_studio_info_endpoint" time="0.228" /><testcase classname="tests.test_auth_endpoints.TestAuthMe" name="test_auth_me_without_session" time="0.105" /><testcase classname="tests.test_auth_endpoints.TestAuthMe" name="test_auth_me_with_invalid_session" time="0.119" /></testsuite></testsuites>